<?xml version="1.0" encoding="UTF-8"?>
<testng-results skipped="0" failed="0" total="1" passed="1">
  <reporter-output>
  </reporter-output>
  <suite name="Default suite" duration-ms="38901" started-at="2016-10-20T06:06:45Z" finished-at="2016-10-20T06:07:24Z">
    <groups>
    </groups>
    <test name="Default test" duration-ms="38901" started-at="2016-10-20T06:06:45Z" finished-at="2016-10-20T06:07:24Z">
      <class name="com.selenium.project.test.IRCTCLoginTest">
        <test-method status="PASS" signature="testIRCTC()[pri:0, instance:com.selenium.project.test.IRCTCLoginTest@51081592]" name="testIRCTC" duration-ms="38881" started-at="2016-10-20T11:36:45Z" finished-at="2016-10-20T11:37:24Z">
          <reporter-output>
          </reporter-output>
        </test-method> <!-- testIRCTC -->
      </class> <!-- com.selenium.project.test.IRCTCLoginTest -->
    </test> <!-- Default test -->
  </suite> <!-- Default suite -->
</testng-results>
